_REQINFO_:    "Model File Information: "
_REQINFO_:    "Last saved on: 10-18-2022 11:33:09."
_REQINFO_:    "Last saved by "resm1653" using "RiverWare 8.4.4"."
_REQINFO_:    "------ MRM RUN STARTED ------"
_REQINFO_:    ""CRSS.Borg_2.0.mdl at 11:37:17 October 18, 2022""
_REQINFO_:    "----------------------------------"
_REQINFO_:    "------ Rulebased Simulation RUN STARTED (MRM run 1 of 1) ------"
_REQINFO_:    ""CRSS.Borg_2.0.mdl at 11:37:18 October 18, 2022""
_REQINFO_:    "----------------------------------"
_WARNING_:   24:00 June 30, 2021; OBJECT: Fontenelle; "Calculated a negative value for Outflow. Check inputs."
_WARNING_:   24:00 July 31, 2021; OBJECT: Fontenelle; "Calculated a negative value for Outflow. Check inputs."
_WARNING_:   24:00 January 31, 2022; OBJECT: Fontenelle; "Calculated a negative value for Outflow. Check inputs."
_WARNING_:   24:00 February 28, 2022; OBJECT: Fontenelle; "Calculated a negative value for Outflow. Check inputs."
_WARNING_:   24:00 June 30, 2024; OBJECT: Fontenelle; "Calculated a negative value for Outflow. Check inputs."
_WARNING_:   24:00 July 31, 2024; OBJECT: Fontenelle; "Calculated a negative value for Outflow. Check inputs."
_WARNING_:   24:00 October 31, 2024; OBJECT: Fontenelle; "Calculated a negative value for Outflow. Check inputs."
_WARNING_:   24:00 November 30, 2024; OBJECT: Fontenelle; "Calculated a negative value for Outflow. Check inputs."
_WARNING_:   24:00 December 31, 2024; OBJECT: Fontenelle; "Calculated a negative value for Outflow. Check inputs."
_WARNING_:   24:00 January 31, 2025; OBJECT: Fontenelle; "Calculated a negative value for Outflow. Check inputs."
_WARNING_:   24:00 February 28, 2025; OBJECT: Fontenelle; "Calculated a negative value for Outflow. Check inputs."
_WARNING_:   24:00 March 31, 2025; OBJECT: Fontenelle; "Calculated a negative value for Outflow. Check inputs."
_WARNING_:   24:00 June 30, 2030; OBJECT: Fontenelle; "Calculated a negative value for Outflow. Check inputs."
_WARNING_:   24:00 July 31, 2030; OBJECT: Fontenelle; "Calculated a negative value for Outflow. Check inputs."
_WARNING_:   24:00 June 30, 2050; OBJECT: Fontenelle; "Calculated a negative value for Outflow. Check inputs."
_WARNING_:   24:00 July 31, 2050; OBJECT: Fontenelle; "Calculated a negative value for Outflow. Check inputs."
_WARNING_:   24:00 June 30, 2051; OBJECT: Fontenelle; "Calculated a negative value for Outflow. Check inputs."
_WARNING_:   24:00 July 31, 2051; OBJECT: Fontenelle; "Calculated a negative value for Outflow. Check inputs."
_REQINFO_:    "4 mass balance summary slots computed."
_REQINFO_:    "------ Rulebased Simulation RUN FINISHED (MRM run 1 of 1) ------"
_REQINFO_:    ""CRSS.Borg_2.0.mdl at 11:37:51 October 18, 2022 (33 seconds)""
_REQINFO_:    "----------------------------------"
_REQINFO_:    "------ MRM RUN FINISHED ------"
_REQINFO_:    ""CRSS.Borg_2.0.mdl at 11:37:51 October 18, 2022 (34 seconds)""
_REQINFO_:    "----------------------------------"
