_REQINFO_:    "Model File Information: "
_REQINFO_:    "Last saved on: 03-11-2022 13:29:24."
_REQINFO_:    "Last saved by "ealexander" using "RiverWare 8.4"."
_REQINFO_:    "------ MRM RUN STARTED ------"
_REQINFO_:    ""CRSS.Borg_2.0.mdl at 13:30:03 March 11, 2022""
_REQINFO_:    "----------------------------------"
_REQINFO_:    "------ Rulebased Simulation RUN STARTED (MRM run 1 of 4) ------"
_REQINFO_:    ""CRSS.Borg_2.0.mdl at 13:30:04 March 11, 2022""
_REQINFO_:    "----------------------------------"
_WARNING_:   24:00 March 31, 2023; OBJECT: Powell; "Calculated a negative value for Outflow. Check inputs."
_WARNING_:   24:00 June 30, 2026; OBJECT: Fontenelle; "Calculated a negative value for Outflow. Check inputs."
_WARNING_:   24:00 July 31, 2026; OBJECT: Fontenelle; "Calculated a negative value for Outflow. Check inputs."
_WARNING_:   24:00 June 30, 2027; OBJECT: Fontenelle; "Calculated a negative value for Outflow. Check inputs."
_WARNING_:   24:00 July 31, 2027; OBJECT: Fontenelle; "Calculated a negative value for Outflow. Check inputs."
_WARNING_:   24:00 January 31, 2030; OBJECT: Powell; "Calculated a negative value for Outflow. Check inputs."
_WARNING_:   24:00 April 30, 2030; OBJECT: Powell; "Calculated a negative value for Outflow. Check inputs."
_WARNING_:   24:00 October 31, 2030; OBJECT: Powell; "Calculated a negative value for Outflow. Check inputs."
_WARNING_:   24:00 November 30, 2030; OBJECT: Powell; "Calculated a negative value for Outflow. Check inputs."
_WARNING_:   24:00 February 28, 2031; OBJECT: Powell; "Calculated a negative value for Outflow. Check inputs."
_WARNING_:   24:00 February 28, 2033; OBJECT: Powell; "Calculated a negative value for Outflow. Check inputs."
_WARNING_:   24:00 October 31, 2033; OBJECT: Powell; "Calculated a negative value for Outflow. Check inputs."
_WARNING_:   24:00 November 30, 2033; OBJECT: Powell; "Calculated a negative value for Outflow. Check inputs."
_WARNING_:   24:00 December 31, 2033; OBJECT: Powell; "Calculated a negative value for Outflow. Check inputs."
_WARNING_:   24:00 January 31, 2034; OBJECT: Powell; "Calculated a negative value for Outflow. Check inputs."
_WARNING_:   24:00 February 28, 2034; OBJECT: Powell; "Calculated a negative value for Outflow. Check inputs."
_WARNING_:   24:00 February 29, 2036; OBJECT: Powell; "Calculated a negative value for Outflow. Check inputs."
_WARNING_:   24:00 June 30, 2043; OBJECT: Fontenelle; "Calculated a negative value for Outflow. Check inputs."
_WARNING_:   24:00 July 31, 2043; OBJECT: Fontenelle; "Calculated a negative value for Outflow. Check inputs."
_WARNING_:   24:00 August 31, 2043; OBJECT: Powell; "Calculated a negative value for Outflow. Check inputs."
_WARNING_:   24:00 September 30, 2043; OBJECT: Fontenelle; "Calculated a negative value for Outflow. Check inputs."
_WARNING_:   24:00 November 30, 2043; OBJECT: Powell; "Calculated a negative value for Outflow. Check inputs."
_WARNING_:   24:00 December 31, 2043; OBJECT: Powell; "Calculated a negative value for Outflow. Check inputs."
_WARNING_:   24:00 December 31, 2044; OBJECT: Powell; "Calculated a negative value for Outflow. Check inputs."
_WARNING_:   24:00 January 31, 2045; OBJECT: Powell; "Calculated a negative value for Outflow. Check inputs."
_WARNING_:   24:00 July 31, 2047; OBJECT: Fontenelle; "Calculated a negative value for Outflow. Check inputs."
_WARNING_:   24:00 June 30, 2058; OBJECT: Fontenelle; "Calculated a negative value for Outflow. Check inputs."
_WARNING_:   24:00 July 31, 2058; OBJECT: Fontenelle; "Calculated a negative value for Outflow. Check inputs."
_REQINFO_:    "4 mass balance summary slots computed."
_REQINFO_:    "------ Rulebased Simulation RUN FINISHED (MRM run 1 of 4) ------"
_REQINFO_:    ""CRSS.Borg_2.0.mdl at 13:31:05 March 11, 2022 (61 seconds)""
_REQINFO_:    "----------------------------------"
_REQINFO_:    "------ Rulebased Simulation RUN STARTED (MRM run 2 of 4) ------"
_REQINFO_:    ""CRSS.Borg_2.0.mdl at 13:31:05 March 11, 2022""
_REQINFO_:    "----------------------------------"
_WARNING_:   24:00 June 30, 2022; OBJECT: Fontenelle; "Calculated a negative value for Outflow. Check inputs."
_WARNING_:   24:00 July 31, 2022; OBJECT: Fontenelle; "Calculated a negative value for Outflow. Check inputs."
_WARNING_:   24:00 September 30, 2022; OBJECT: Fontenelle; "Calculated a negative value for Outflow. Check inputs."
_WARNING_:   24:00 September 30, 2022; OBJECT: Powell; "Calculated a negative value for Outflow. Check inputs."
_WARNING_:   24:00 December 31, 2022; OBJECT: Powell; "Calculated a negative value for Outflow. Check inputs."
_WARNING_:   24:00 January 31, 2024; OBJECT: Powell; "Calculated a negative value for Outflow. Check inputs."
_WARNING_:   24:00 June 30, 2037; OBJECT: Fontenelle; "Calculated a negative value for Outflow. Check inputs."
_WARNING_:   24:00 July 31, 2037; OBJECT: Fontenelle; "Calculated a negative value for Outflow. Check inputs."
_WARNING_:   24:00 June 30, 2046; OBJECT: Fontenelle; "Calculated a negative value for Outflow. Check inputs."
_WARNING_:   24:00 July 31, 2046; OBJECT: Fontenelle; "Calculated a negative value for Outflow. Check inputs."
_WARNING_:   24:00 June 30, 2047; OBJECT: Fontenelle; "Calculated a negative value for Outflow. Check inputs."
_WARNING_:   24:00 July 31, 2047; OBJECT: Fontenelle; "Calculated a negative value for Outflow. Check inputs."
_WARNING_:   24:00 June 30, 2052; OBJECT: Fontenelle; "Calculated a negative value for Outflow. Check inputs."
_WARNING_:   24:00 July 31, 2052; OBJECT: Fontenelle; "Calculated a negative value for Outflow. Check inputs."
_WARNING_:   24:00 June 30, 2058; OBJECT: Fontenelle; "Calculated a negative value for Outflow. Check inputs."
_WARNING_:   24:00 July 31, 2058; OBJECT: Fontenelle; "Calculated a negative value for Outflow. Check inputs."
_REQINFO_:    "4 mass balance summary slots computed."
_REQINFO_:    "------ Rulebased Simulation RUN FINISHED (MRM run 2 of 4) ------"
_REQINFO_:    ""CRSS.Borg_2.0.mdl at 13:32:02 March 11, 2022 (57 seconds)""
_REQINFO_:    "----------------------------------"
_REQINFO_:    "------ Rulebased Simulation RUN STARTED (MRM run 3 of 4) ------"
_REQINFO_:    ""CRSS.Borg_2.0.mdl at 13:32:03 March 11, 2022""
_REQINFO_:    "----------------------------------"
_WARNING_:   24:00 June 30, 2021; OBJECT: Fontenelle; "Calculated a negative value for Outflow. Check inputs."
_WARNING_:   24:00 July 31, 2021; OBJECT: Fontenelle; "Calculated a negative value for Outflow. Check inputs."
_WARNING_:   24:00 June 30, 2030; OBJECT: Fontenelle; "Calculated a negative value for Outflow. Check inputs."
_WARNING_:   24:00 July 31, 2030; OBJECT: Fontenelle; "Calculated a negative value for Outflow. Check inputs."
_WARNING_:   24:00 June 30, 2031; OBJECT: Fontenelle; "Calculated a negative value for Outflow. Check inputs."
_WARNING_:   24:00 July 31, 2031; OBJECT: Fontenelle; "Calculated a negative value for Outflow. Check inputs."
_WARNING_:   24:00 June 30, 2036; OBJECT: Fontenelle; "Calculated a negative value for Outflow. Check inputs."
_WARNING_:   24:00 July 31, 2036; OBJECT: Fontenelle; "Calculated a negative value for Outflow. Check inputs."
_WARNING_:   24:00 June 30, 2042; OBJECT: Fontenelle; "Calculated a negative value for Outflow. Check inputs."
_WARNING_:   24:00 July 31, 2042; OBJECT: Fontenelle; "Calculated a negative value for Outflow. Check inputs."
_WARNING_:   24:00 January 31, 2043; OBJECT: Powell; "Calculated a negative value for Outflow. Check inputs."
_WARNING_:   24:00 October 31, 2044; OBJECT: Powell; "Calculated a negative value for Outflow. Check inputs."
_WARNING_:   24:00 August 31, 2047; OBJECT: Powell; "Calculated a negative value for Outflow. Check inputs."
_WARNING_:   24:00 August 31, 2047; OBJECT: Powell; "Calculated a negative value for Outflow. Check inputs."
_WARNING_:   24:00 November 30, 2047; OBJECT: Powell; "Calculated a negative value for Outflow. Check inputs."
_WARNING_:   24:00 February 29, 2048; OBJECT: Powell; "Calculated a negative value for Outflow. Check inputs."
_WARNING_:   24:00 June 30, 2057; OBJECT: Fontenelle; "Calculated a negative value for Outflow. Check inputs."
_WARNING_:   24:00 July 31, 2057; OBJECT: Fontenelle; "Calculated a negative value for Outflow. Check inputs."
_REQINFO_:    "4 mass balance summary slots computed."
_REQINFO_:    "------ Rulebased Simulation RUN FINISHED (MRM run 3 of 4) ------"
_REQINFO_:    ""CRSS.Borg_2.0.mdl at 13:33:00 March 11, 2022 (57 seconds)""
_REQINFO_:    "----------------------------------"
_REQINFO_:    "------ Rulebased Simulation RUN STARTED (MRM run 4 of 4) ------"
_REQINFO_:    ""CRSS.Borg_2.0.mdl at 13:33:01 March 11, 2022""
_REQINFO_:    "----------------------------------"
_WARNING_:   24:00 June 30, 2026; OBJECT: Fontenelle; "Calculated a negative value for Outflow. Check inputs."
_WARNING_:   24:00 July 31, 2026; OBJECT: Fontenelle; "Calculated a negative value for Outflow. Check inputs."
_WARNING_:   24:00 November 30, 2031; OBJECT: Powell; "Calculated a negative value for Outflow. Check inputs."
_WARNING_:   24:00 December 31, 2031; OBJECT: Powell; "Calculated a negative value for Outflow. Check inputs."
_WARNING_:   24:00 January 31, 2032; OBJECT: Powell; "Calculated a negative value for Outflow. Check inputs."
_WARNING_:   24:00 February 29, 2032; OBJECT: Powell; "Calculated a negative value for Outflow. Check inputs."
_WARNING_:   24:00 June 30, 2041; OBJECT: Fontenelle; "Calculated a negative value for Outflow. Check inputs."
_WARNING_:   24:00 July 31, 2045; OBJECT: Fontenelle; "Calculated a negative value for Outflow. Check inputs."
_WARNING_:   24:00 June 30, 2057; OBJECT: Fontenelle; "Calculated a negative value for Outflow. Check inputs."
_WARNING_:   24:00 July 31, 2057; OBJECT: Fontenelle; "Calculated a negative value for Outflow. Check inputs."
_WARNING_:   24:00 January 31, 2058; OBJECT: Fontenelle; "Calculated a negative value for Outflow. Check inputs."
_WARNING_:   24:00 February 28, 2058; OBJECT: Fontenelle; "Calculated a negative value for Outflow. Check inputs."
_WARNING_:   24:00 June 30, 2060; OBJECT: Fontenelle; "Calculated a negative value for Outflow. Check inputs."
_WARNING_:   24:00 July 31, 2060; OBJECT: Fontenelle; "Calculated a negative value for Outflow. Check inputs."
_WARNING_:   24:00 September 30, 2060; OBJECT: Fontenelle; "Calculated a negative value for Outflow. Check inputs."
_WARNING_:   24:00 October 31, 2060; OBJECT: Fontenelle; "Calculated a negative value for Outflow. Check inputs."
_WARNING_:   24:00 November 30, 2060; OBJECT: Fontenelle; "Calculated a negative value for Outflow. Check inputs."
_WARNING_:   24:00 December 31, 2060; OBJECT: Fontenelle; "Calculated a negative value for Outflow. Check inputs."
_REQINFO_:    "4 mass balance summary slots computed."
_REQINFO_:    "------ Rulebased Simulation RUN FINISHED (MRM run 4 of 4) ------"
_REQINFO_:    ""CRSS.Borg_2.0.mdl at 13:34:13 March 11, 2022 (72 seconds)""
_REQINFO_:    "----------------------------------"
_REQINFO_:    "------ MRM RUN FINISHED ------"
_REQINFO_:    ""CRSS.Borg_2.0.mdl at 13:34:13 March 11, 2022 (250 seconds)""
_REQINFO_:    "----------------------------------"
