_REQINFO_:    "Model File Information: "
_REQINFO_:    "Last saved on: 04-06-2023 16:45:19."
_REQINFO_:    "Last saved by "HAZE7392" using "RiverWare 8.5.6"."
_REQINFO_:    "------ MRM RUN STARTED ------"
_REQINFO_:    ""CRSS.Borg_2.0.mdl at 10:41:12 April 12, 2023""
_REQINFO_:    "----------------------------------"
_REQINFO_:    "------ Rulebased Simulation RUN STARTED (MRM run 1 of 1, trace 5) ------"
_REQINFO_:    ""CRSS.Borg_2.0.mdl at 10:41:13 April 12, 2023""
_REQINFO_:    "----------------------------------"
_WARNING_:   24:00 April 30, 2026; OBJECT: Fontenelle; "An internal iterative loop reached the maximum iterations of 20 when solving for Outflow."
_WARNING_:   24:00 June 30, 2026; OBJECT: Fontenelle; "Calculated a negative value for Outflow. Check inputs."
_WARNING_:   24:00 July 31, 2026; OBJECT: Fontenelle; "Calculated a negative value for Outflow. Check inputs."
_WARNING_:   24:00 April 30, 2029; OBJECT: Fontenelle; "An internal iterative loop reached the maximum iterations of 20 when solving for Outflow."
_WARNING_:   24:00 April 30, 2035; OBJECT: Fontenelle; "An internal iterative loop reached the maximum iterations of 20 when solving for Outflow."
_WARNING_:   24:00 June 30, 2035; OBJECT: Fontenelle; "Calculated a negative value for Outflow. Check inputs."
_WARNING_:   24:00 July 31, 2035; OBJECT: Fontenelle; "Calculated a negative value for Outflow. Check inputs."
_WARNING_:   24:00 April 30, 2036; OBJECT: Fontenelle; "An internal iterative loop reached the maximum iterations of 20 when solving for Outflow."
_WARNING_:   24:00 June 30, 2036; OBJECT: Fontenelle; "Calculated a negative value for Outflow. Check inputs."
_WARNING_:   24:00 July 31, 2036; OBJECT: Fontenelle; "Calculated a negative value for Outflow. Check inputs."
_WARNING_:   24:00 April 30, 2041; OBJECT: Fontenelle; "An internal iterative loop reached the maximum iterations of 20 when solving for Outflow."
_WARNING_:   24:00 June 30, 2041; OBJECT: Fontenelle; "Calculated a negative value for Outflow. Check inputs."
_WARNING_:   24:00 July 31, 2041; OBJECT: Fontenelle; "Calculated a negative value for Outflow. Check inputs."
_WARNING_:   24:00 April 30, 2042; OBJECT: Fontenelle; "An internal iterative loop reached the maximum iterations of 20 when solving for Outflow."
_WARNING_:   24:00 April 30, 2047; OBJECT: Fontenelle; "An internal iterative loop reached the maximum iterations of 20 when solving for Outflow."
_WARNING_:   24:00 June 30, 2047; OBJECT: Fontenelle; "Calculated a negative value for Outflow. Check inputs."
_WARNING_:   24:00 July 31, 2047; OBJECT: Fontenelle; "Calculated a negative value for Outflow. Check inputs."
_WARNING_:   24:00 February 28, 2053; OBJECT: Powell; "Calculated a negative value for Outflow. Check inputs."
_WARNING_:   24:00 April 30, 2054; OBJECT: Fontenelle; "An internal iterative loop reached the maximum iterations of 20 when solving for Outflow."
_WARNING_:   24:00 June 30, 2054; OBJECT: Fontenelle; "Calculated a negative value for Outflow. Check inputs."
_WARNING_:   24:00 July 31, 2054; OBJECT: Fontenelle; "Calculated a negative value for Outflow. Check inputs."
_WARNING_:   24:00 April 30, 2055; OBJECT: Fontenelle; "An internal iterative loop reached the maximum iterations of 20 when solving for Outflow."
_WARNING_:   24:00 April 30, 2056; OBJECT: Fontenelle; "An internal iterative loop reached the maximum iterations of 20 when solving for Outflow."
_WARNING_:   24:00 April 30, 2057; OBJECT: Fontenelle; "An internal iterative loop reached the maximum iterations of 20 when solving for Outflow."
_WARNING_:   24:00 April 30, 2057; OBJECT: Fontenelle; "Calculated a negative value for Outflow. Check inputs."
_WARNING_:   24:00 June 30, 2057; OBJECT: Fontenelle; "Calculated a negative value for Outflow. Check inputs."
_WARNING_:   24:00 July 31, 2057; OBJECT: Fontenelle; "Calculated a negative value for Outflow. Check inputs."
_WARNING_:   24:00 August 31, 2057; OBJECT: Fontenelle; "An internal iterative loop reached the maximum iterations of 20 when solving for Outflow."
_WARNING_:   24:00 September 30, 2057; OBJECT: Fontenelle; "Calculated a negative value for Outflow. Check inputs."
_WARNING_:   24:00 October 31, 2057; OBJECT: Fontenelle; "Calculated a negative value for Outflow. Check inputs."
_WARNING_:   24:00 November 30, 2057; OBJECT: Fontenelle; "Calculated a negative value for Outflow. Check inputs."
_WARNING_:   24:00 December 31, 2057; OBJECT: Fontenelle; "Calculated a negative value for Outflow. Check inputs."
_WARNING_:   24:00 January 31, 2058; OBJECT: Fontenelle; "Calculated a negative value for Outflow. Check inputs."
_WARNING_:   24:00 February 28, 2058; OBJECT: Fontenelle; "Calculated a negative value for Outflow. Check inputs."
_WARNING_:   24:00 March 31, 2058; OBJECT: Fontenelle; "Calculated a negative value for Outflow. Check inputs."
_WARNING_:   24:00 April 30, 2058; OBJECT: Fontenelle; "Calculated a negative value for Outflow. Check inputs."
_WARNING_:   24:00 April 30, 2058; OBJECT: Powell; "Calculated a negative value for Outflow. Check inputs."
_REQINFO_:    "4 mass balance summary slots computed."
_REQINFO_:    "------ Rulebased Simulation RUN FINISHED (MRM run 1 of 1, trace 5) ------"
_REQINFO_:    ""CRSS.Borg_2.0.mdl at 10:42:03 April 12, 2023 (50 seconds)""
_REQINFO_:    "----------------------------------"
_REQINFO_:    "------ MRM RUN FINISHED ------"
_REQINFO_:    ""CRSS.Borg_2.0.mdl at 10:42:03 April 12, 2023 (51 seconds)""
_REQINFO_:    "----------------------------------"
